2024-09-24 09:42:41 INFO  Utils:112 - [TestNG] Running:
  C:\Users\akash.dake\eclipse-workspace\HybrirdServiceUser\master.xml

2024-09-24 09:42:59 INFO  TC00_MtcServiceUser:22 - Login Page succesfully
2024-09-24 09:43:05 INFO  TC00_MtcServiceUser:32 - Create new User succesfully updates
2024-09-24 09:43:19 INFO  TC00_MtcServiceUser:75 - Basic bio information succesfully update
2024-09-24 10:55:19 INFO  Utils:112 - [TestNG] Running:
  C:\Users\akash.dake\eclipse-workspace\HybrirdServiceUser\master.xml

2024-09-24 10:55:24 INFO  TC00_MtcServiceUser:23 - Login Page succesfully
2024-09-24 10:55:30 INFO  TC00_MtcServiceUser:33 - Create new User succesfully updates
2024-09-24 10:55:45 INFO  TC00_MtcServiceUser:76 - Basic bio information succesfully update
2024-09-24 11:31:58 INFO  Utils:112 - [TestNG] Running:
  C:\Users\akash.dake\eclipse-workspace\HybrirdServiceUser\master.xml

2024-09-24 11:32:04 INFO  TC00_MtcServiceUser:24 - Login Page succesfully
2024-09-24 11:32:10 INFO  TC00_MtcServiceUser:34 - Create new User succesfully updates
2024-09-24 11:32:24 INFO  TC00_MtcServiceUser:77 - Basic bio information succesfully update
2024-09-24 11:34:36 INFO  Utils:112 - [TestNG] Running:
  C:\Users\akash.dake\eclipse-workspace\HybrirdServiceUser\master.xml

2024-09-24 11:34:42 INFO  TC00_MtcServiceUser:24 - Login Page succesfully
2024-09-24 11:34:48 INFO  TC00_MtcServiceUser:34 - Create new User succesfully updates
2024-09-24 11:35:03 INFO  TC00_MtcServiceUser:77 - Basic bio information succesfully update
2024-09-24 11:50:18 INFO  Utils:112 - [TestNG] Running:
  C:\Users\akash.dake\eclipse-workspace\HybrirdServiceUser\master.xml

2024-09-24 11:50:27 INFO  TC00_MtcServiceUser:25 - Login Page succesfully
2024-09-24 11:50:37 INFO  TC00_MtcServiceUser:35 - Create new User succesfully updates
2024-09-24 11:50:52 INFO  TC00_MtcServiceUser:78 - Basic bio information succesfully update
2024-09-24 11:53:08 INFO  Utils:112 - [TestNG] Running:
  C:\Users\akash.dake\eclipse-workspace\HybrirdServiceUser\master.xml

2024-09-24 11:53:13 INFO  TC00_MtcServiceUser:25 - Login Page succesfully
2024-09-24 11:53:18 INFO  TC00_MtcServiceUser:35 - Create new User succesfully updates
2024-09-24 11:53:33 INFO  TC00_MtcServiceUser:78 - Basic bio information succesfully update
2024-09-24 12:08:42 INFO  Utils:112 - [TestNG] Running:
  C:\Users\akash.dake\eclipse-workspace\HybrirdServiceUser\master.xml

2024-09-24 12:08:48 INFO  TC00_MtcServiceUser:26 - Login Page succesfully
2024-09-24 12:08:58 INFO  TC00_MtcServiceUser:36 - Create new User succesfully updates
2024-09-24 12:09:13 INFO  TC00_MtcServiceUser:79 - Basic bio information succesfully update
2024-09-24 12:20:08 INFO  Utils:112 - [TestNG] Running:
  C:\Users\akash.dake\eclipse-workspace\HybrirdServiceUser\master.xml

2024-09-24 12:20:14 INFO  TC00_MtcServiceUser:27 - Login Page succesfully
2024-09-24 12:20:24 INFO  TC00_MtcServiceUser:37 - Create new User succesfully updates
2024-09-24 12:20:39 INFO  TC00_MtcServiceUser:80 - Basic bio information succesfully update
2024-09-24 12:20:52 INFO  Utils:112 - [TestNG] Running:
  C:\Users\akash.dake\eclipse-workspace\HybrirdServiceUser\master.xml

2024-09-24 12:21:02 INFO  TC00_MtcServiceUser:27 - Login Page succesfully
2024-09-24 12:21:08 INFO  TC00_MtcServiceUser:37 - Create new User succesfully updates
2024-09-24 12:21:23 INFO  TC00_MtcServiceUser:80 - Basic bio information succesfully update
2024-09-24 12:36:31 INFO  Utils:112 - [TestNG] Running:
  C:\Users\akash.dake\eclipse-workspace\HybrirdServiceUser\master.xml

2024-09-24 12:36:37 INFO  TC00_MtcServiceUser:29 - Login Page succesfully
2024-09-24 12:36:43 INFO  TC00_MtcServiceUser:39 - Create new User succesfully updates
2024-09-24 12:36:58 INFO  TC00_MtcServiceUser:82 - Basic bio information succesfully update
2024-09-24 12:38:18 INFO  Utils:112 - [TestNG] Running:
  C:\Users\akash.dake\eclipse-workspace\HybrirdServiceUser\master.xml

2024-09-24 12:38:23 INFO  TC00_MtcServiceUser:29 - Login Page succesfully
2024-09-24 12:38:29 INFO  TC00_MtcServiceUser:39 - Create new User succesfully updates
2024-09-24 12:38:44 INFO  TC00_MtcServiceUser:82 - Basic bio information succesfully update
2024-09-24 12:43:21 INFO  TC00_MtcServiceUser:28 - Login Page succesfully
2024-09-24 12:43:31 INFO  TC00_MtcServiceUser:38 - Create new User succesfully updates
2024-09-24 12:43:46 INFO  TC00_MtcServiceUser:81 - Basic bio information succesfully update
2024-09-24 14:45:02 INFO  Utils:112 - [TestNG] Running:
  C:\Users\akash.dake\eclipse-workspace\Admin_ServiceUser\grouping.xml

2024-09-24 14:45:55 INFO  Utils:112 - [TestNG] Running:
  C:\Users\akash.dake\eclipse-workspace\Admin_ServiceUser\grouping.xml

2024-09-24 14:46:17 INFO  Utils:112 - [TestNG] Running:
  C:\Users\akash.dake\eclipse-workspace\Admin_ServiceUser\grouping.xml

2024-09-24 14:47:42 INFO  Utils:112 - [TestNG] Running:
  C:\Users\akash.dake\eclipse-workspace\Admin_ServiceUser\grouping.xml

2024-09-24 14:53:25 INFO  Utils:112 - [TestNG] Running:
  C:\Users\akash.dake\eclipse-workspace\Admin_ServiceUser\grouping.xml

2024-09-24 14:53:30 INFO  TC00_MtcServiceUser:27 - Login Page succesfully
2024-09-24 14:54:05 INFO  Utils:112 - [TestNG] Running:
  C:\Users\akash.dake\eclipse-workspace\Admin_ServiceUser\master.xml

2024-09-24 14:54:11 INFO  TC00_MtcServiceUser:27 - Login Page succesfully
2024-09-24 14:54:16 INFO  TC00_MtcServiceUser:37 - Create new User succesfully updates
2024-09-24 14:54:31 INFO  TC00_MtcServiceUser:80 - Basic bio information succesfully update
2024-09-24 15:04:29 INFO  Utils:112 - [TestNG] Running:
  C:\Users\akash.dake\eclipse-workspace\Admin_ServiceUser\grouping.xml

2024-09-24 15:04:35 INFO  TC00_MtcServiceUser:27 - Login Page succesfully
2024-09-24 15:04:40 INFO  TC00_MtcServiceUser:37 - Create new User succesfully updates
2024-09-24 15:04:55 INFO  TC00_MtcServiceUser:80 - Basic bio information succesfully update
2024-09-24 15:08:16 INFO  Utils:112 - [TestNG] Running:
  C:\Users\akash.dake\eclipse-workspace\Admin_ServiceUser\master.xml

2024-09-24 15:08:22 INFO  TC00_MtcServiceUser:27 - Login Page succesfully
2024-09-24 15:08:28 INFO  TC00_MtcServiceUser:37 - Create new User succesfully updates
2024-09-24 15:08:43 INFO  TC00_MtcServiceUser:80 - Basic bio information succesfully update
2024-09-24 15:10:16 INFO  Utils:112 - [TestNG] Running:
  C:\Users\akash.dake\eclipse-workspace\Admin_ServiceUser\grouping.xml

2024-09-24 15:10:23 INFO  TC00_MtcServiceUser:27 - Login Page succesfully
2024-09-24 15:10:30 INFO  TC00_MtcServiceUser:37 - Create new User succesfully updates
2024-09-24 15:10:45 INFO  TC00_MtcServiceUser:80 - Basic bio information succesfully update
2024-09-24 15:13:49 INFO  Utils:112 - [TestNG] Running:
  C:\Users\akash.dake\eclipse-workspace\Admin_ServiceUser\grouping.xml

2024-09-24 15:13:56 INFO  TC00_MtcServiceUser:27 - Login Page succesfully
2024-09-24 15:14:02 INFO  TC00_MtcServiceUser:37 - Create new User succesfully updates
2024-09-24 15:14:16 INFO  TC00_MtcServiceUser:80 - Basic bio information succesfully update
2024-09-24 15:15:58 INFO  Utils:112 - [TestNG] Running:
  C:\Users\akash.dake\eclipse-workspace\Admin_ServiceUser\grouping.xml

2024-09-24 15:16:05 INFO  TC00_MtcServiceUser:27 - Login Page succesfully
2024-09-24 15:16:10 INFO  TC00_MtcServiceUser:37 - Create new User succesfully updates
2024-09-24 15:16:26 INFO  TC00_MtcServiceUser:80 - Basic bio information succesfully update
2024-09-24 15:18:03 INFO  Utils:112 - [TestNG] Running:
  C:\Users\akash.dake\eclipse-workspace\Admin_ServiceUser\crossbrowsertesting.xml

2024-09-24 15:18:10 INFO  TC00_MtcServiceUser:27 - Login Page succesfully
2024-09-24 15:18:15 INFO  TC00_MtcServiceUser:37 - Create new User succesfully updates
2024-09-24 15:18:30 INFO  TC00_MtcServiceUser:80 - Basic bio information succesfully update
2024-09-24 15:19:52 INFO  TC00_MtcServiceUser:27 - Login Page succesfully
2024-09-24 15:19:57 INFO  TC00_MtcServiceUser:37 - Create new User succesfully updates
2024-09-24 15:20:11 INFO  TC00_MtcServiceUser:80 - Basic bio information succesfully update
2024-09-24 15:20:34 INFO  TC00_MtcServiceUser:27 - Login Page succesfully
2024-09-24 15:21:26 INFO  Utils:112 - [TestNG] Running:
  C:\Users\akash.dake\eclipse-workspace\Admin_ServiceUser\master.xml

2024-09-24 15:21:31 INFO  TC00_MtcServiceUser:27 - Login Page succesfully
2024-09-24 15:21:36 INFO  TC00_MtcServiceUser:37 - Create new User succesfully updates
2024-09-24 15:21:52 INFO  TC00_MtcServiceUser:80 - Basic bio information succesfully update
2024-09-24 15:23:47 INFO  Utils:112 - [TestNG] Running:
  C:\Users\akash.dake\eclipse-workspace\Admin_ServiceUser\master.xml

2024-09-24 15:23:54 INFO  TC00_MtcServiceUser:27 - Login Page succesfully
2024-09-24 15:24:00 INFO  TC00_MtcServiceUser:37 - Create new User succesfully updates
2024-09-24 15:24:15 INFO  TC00_MtcServiceUser:80 - Basic bio information succesfully update
2024-09-24 15:27:10 INFO  Utils:112 - [TestNG] Running:
  C:\Users\akash.dake\eclipse-workspace\Admin_ServiceUser\master.xml

2024-09-24 15:27:18 INFO  TC00_MtcServiceUser:27 - Login Page succesfully
2024-09-24 15:27:23 INFO  TC00_MtcServiceUser:37 - Create new User succesfully updates
2024-09-24 15:27:38 INFO  TC00_MtcServiceUser:80 - Basic bio information succesfully update
2024-09-24 15:29:59 INFO  Utils:112 - [TestNG] Running:
  C:\Users\akash.dake\eclipse-workspace\Admin_ServiceUser\master.xml

2024-09-24 15:30:05 INFO  TC00_MtcServiceUser:27 - Login Page succesfully
2024-09-24 15:30:11 INFO  TC00_MtcServiceUser:37 - Create new User succesfully updates
2024-09-24 15:30:26 INFO  TC00_MtcServiceUser:80 - Basic bio information succesfully update
2024-09-24 15:33:03 INFO  Utils:112 - [TestNG] Running:
  C:\Users\akash.dake\eclipse-workspace\Admin_ServiceUser\crossbrowsertesting.xml

2024-09-24 15:33:10 INFO  TC00_MtcServiceUser:27 - Login Page succesfully
2024-09-24 15:33:16 INFO  TC00_MtcServiceUser:37 - Create new User succesfully updates
2024-09-24 15:33:31 INFO  TC00_MtcServiceUser:80 - Basic bio information succesfully update
2024-09-24 15:34:53 INFO  TC00_MtcServiceUser:27 - Login Page succesfully
2024-09-24 15:35:00 INFO  TC00_MtcServiceUser:37 - Create new User succesfully updates
2024-09-24 15:35:14 INFO  TC00_MtcServiceUser:80 - Basic bio information succesfully update
2024-09-24 15:36:32 INFO  TC00_MtcServiceUser:27 - Login Page succesfully
2024-09-24 15:36:37 INFO  TC00_MtcServiceUser:37 - Create new User succesfully updates
2024-09-24 15:36:52 INFO  TC00_MtcServiceUser:80 - Basic bio information succesfully update
